<?xml version="1.0" encoding="UTF-8"?>
<!-- Generated by org.testng.reporters.JUnitReportReporter -->
<testsuite hostname="pikjians-MacBook-Air.local" failures="0" tests="6" name="testcase.RealTimes" time="15.161" errors="0" timestamp="28 Mar 2022 04:02:39 GMT" skipped="0">
  <testcase classname="testcase.RealTimes" name="testMessage" time="3.023"/>
  <testcase classname="testcase.RealTimes" name="testConnection" time="0.001"/>
  <testcase classname="testcase.RealTimes" name="testMessage" time="3.036"/>
  <testcase classname="testcase.RealTimes" name="testMessage" time="3.018"/>
  <testcase classname="testcase.RealTimes" name="testMessage" time="3.049"/>
  <testcase classname="testcase.RealTimes" name="testMessage" time="3.034"/>
</testsuite> <!-- testcase.RealTimes -->
